(Already Scraped URL Page)		https://shopee.co.id/Souvenir-Pesta-cat.10226.10227.10228?page=0&sortBy=sales
(Already Scraped URL Page)		https://shopee.co.id/Souvenir-Pesta-cat.10226.10227.10228?page=1&sortBy=sales
(Already Scraped URL Page)		https://shopee.co.id/Souvenir-Pesta-cat.10226.10227.10228?page=2&sortBy=sales
(Already Scraped URL Page)		https://shopee.co.id/Souvenir-Pesta-cat.10226.10227.10228?page=3&sortBy=sales
(Already Scraped URL Page)		https://shopee.co.id/Souvenir-Pesta-cat.10226.10227.10228?page=4&sortBy=sales
(Already Scraped URL Page)		https://shopee.co.id/Souvenir-Pesta-cat.10226.10227.10228?page=5&sortBy=sales
(Already Scraped URL Page)		https://shopee.co.id/Souvenir-Pesta-cat.10226.10227.10228?page=6&sortBy=sales
(Already Scraped URL Page)		https://shopee.co.id/Souvenir-Pesta-cat.10226.10227.10228?page=7&sortBy=sales
(Already Scraped URL Page)		https://shopee.co.id/Souvenir-Pesta-cat.10226.10227.10228?page=8&sortBy=sales
(Already Scraped URL Page)		https://shopee.co.id/Souvenir-Pesta-cat.10226.10227.10228?page=9&sortBy=sales
(Already Scraped URL Page)		https://shopee.co.id/Souvenir-Pesta-cat.10226.10227.10228?page=10&sortBy=sales
(Already Scraped URL Page)		https://shopee.co.id/Souvenir-Pesta-cat.10226.10227.10228?page=11&sortBy=sales
(Already Scraped URL Page)		https://shopee.co.id/Souvenir-Pesta-cat.10226.10227.10228?page=12&sortBy=sales
(Already Scraped URL Page)		https://shopee.co.id/Souvenir-Pesta-cat.10226.10227.10228?page=13&sortBy=sales
(Already Scraped URL Page)		https://shopee.co.id/Souvenir-Pesta-cat.10226.10227.10228?page=14&sortBy=sales
(Already Scraped URL Page)		https://shopee.co.id/Souvenir-Pesta-cat.10226.10227.10228?page=15&sortBy=sales
(Already Scraped URL Page)		https://shopee.co.id/Souvenir-Pesta-cat.10226.10227.10228?page=16&sortBy=sales
(Already Scraped URL Page)		https://shopee.co.id/Souvenir-Pesta-cat.10226.10227.10228?page=17&sortBy=sales
(Already Scraped URL Page)		https://shopee.co.id/Souvenir-Pesta-cat.10226.10227.10228?page=18&sortBy=sales
(Already Scraped URL Page)		https://shopee.co.id/Souvenir-Pesta-cat.10226.10227.10228?page=19&sortBy=sales
(Already Scraped URL Page)		https://shopee.co.id/Souvenir-Pesta-cat.10226.10227.10228?page=20&sortBy=sales
(Already Scraped URL Page)		https://shopee.co.id/Souvenir-Pesta-cat.10226.10227.10228?page=21&sortBy=sales
(Already Scraped URL Page)		https://shopee.co.id/Souvenir-Pesta-cat.10226.10227.10228?page=22&sortBy=sales
(Already Scraped URL Page)		https://shopee.co.id/Souvenir-Pesta-cat.10226.10227.10228?page=23&sortBy=sales
(Already Scraped URL Page)		https://shopee.co.id/Souvenir-Pesta-cat.10226.10227.10228?page=24&sortBy=sales
(Already Scraped URL Page)		https://shopee.co.id/Souvenir-Pesta-cat.10226.10227.10228?page=25&sortBy=sales
(Already Scraped URL Page)		https://shopee.co.id/Souvenir-Pesta-cat.10226.10227.10228?page=26&sortBy=sales
(Already Scraped URL Page)		https://shopee.co.id/Souvenir-Pesta-cat.10226.10227.10228?page=27&sortBy=sales
(Already Scraped URL Page)		https://shopee.co.id/Souvenir-Pesta-cat.10226.10227.10228?page=28&sortBy=sales
(Already Scraped URL Page)		https://shopee.co.id/Souvenir-Pesta-cat.10226.10227.10228?page=29&sortBy=sales
(Already Scraped URL Page)		https://shopee.co.id/Souvenir-Pesta-cat.10226.10227.10228?page=30&sortBy=sales
(Already Scraped URL Page)		https://shopee.co.id/Souvenir-Pesta-cat.10226.10227.10228?page=31&sortBy=sales
(Already Scraped URL Page)		https://shopee.co.id/Souvenir-Pesta-cat.10226.10227.10228?page=32&sortBy=sales
(Already Scraped URL Page)		https://shopee.co.id/Souvenir-Pesta-cat.10226.10227.10228?page=33&sortBy=sales
(Already Scraped URL Page)		https://shopee.co.id/Souvenir-Pesta-cat.10226.10227.10228?page=34&sortBy=sales
(Already Scraped URL Page)		https://shopee.co.id/Souvenir-Pesta-cat.10226.10227.10228?page=35&sortBy=sales
(Already Scraped URL Page)		https://shopee.co.id/Souvenir-Pesta-cat.10226.10227.10228?page=36&sortBy=sales
(Already Scraped URL Page)		https://shopee.co.id/Souvenir-Pesta-cat.10226.10227.10228?page=37&sortBy=sales
(Already Scraped URL Page)		https://shopee.co.id/Souvenir-Pesta-cat.10226.10227.10228?page=38&sortBy=sales
(Already Scraped URL Page)		https://shopee.co.id/Souvenir-Pesta-cat.10226.10227.10228?page=39&sortBy=sales
(Already Scraped URL Page)		https://shopee.co.id/Souvenir-Pesta-cat.10226.10227.10228?page=40&sortBy=sales
(Already Scraped URL Page)		https://shopee.co.id/Souvenir-Pesta-cat.10226.10227.10228?page=41&sortBy=sales
(Already Scraped URL Page)		https://shopee.co.id/Souvenir-Pesta-cat.10226.10227.10228?page=42&sortBy=sales
(Already Scraped URL Page)		https://shopee.co.id/Souvenir-Pesta-cat.10226.10227.10228?page=43&sortBy=sales
(Already Scraped URL Page)		https://shopee.co.id/Souvenir-Pesta-cat.10226.10227.10228?page=44&sortBy=sales
(Already Scraped URL Page)		https://shopee.co.id/Souvenir-Pesta-cat.10226.10227.10228?page=45&sortBy=sales
(Already Scraped URL Page)		https://shopee.co.id/Souvenir-Pesta-cat.10226.10227.10228?page=46&sortBy=sales
(Already Scraped URL Page)		https://shopee.co.id/Souvenir-Pesta-cat.10226.10227.10228?page=47&sortBy=sales
(Already Scraped URL Page)		https://shopee.co.id/Souvenir-Pesta-cat.10226.10227.10228?page=48&sortBy=sales
(Already Scraped URL Page)		https://shopee.co.id/Souvenir-Pesta-cat.10226.10227.10228?page=49&sortBy=sales
(Already Scraped URL Page)		https://shopee.co.id/Souvenir-Pesta-cat.10226.10227.10228?page=50&sortBy=sales
(Already Scraped URL Page)		https://shopee.co.id/Souvenir-Pesta-cat.10226.10227.10228?page=51&sortBy=sales
(Already Scraped URL Page)		https://shopee.co.id/Souvenir-Pesta-cat.10226.10227.10228?page=52&sortBy=sales
(Already Scraped URL Page)		https://shopee.co.id/Souvenir-Pesta-cat.10226.10227.10228?page=53&sortBy=sales
(Already Scraped URL Page)		https://shopee.co.id/Souvenir-Pesta-cat.10226.10227.10228?page=54&sortBy=sales
(Already Scraped URL Page)		https://shopee.co.id/Souvenir-Pesta-cat.10226.10227.10228?page=55&sortBy=sales
(Already Scraped URL Page)		https://shopee.co.id/Souvenir-Pesta-cat.10226.10227.10228?page=56&sortBy=sales
(Already Scraped URL Page)		https://shopee.co.id/Souvenir-Pesta-cat.10226.10227.10228?page=63&sortBy=sales
(Already Scraped URL Page)		https://shopee.co.id/Souvenir-Pesta-cat.10226.10227.10228?page=64&sortBy=sales
(Already Scraped URL Page)		https://shopee.co.id/Souvenir-Pesta-cat.10226.10227.10228?page=65&sortBy=sales
(Already Scraped URL Page)		https://shopee.co.id/Souvenir-Pesta-cat.10226.10227.10228?page=66&sortBy=sales
(Already Scraped URL Page)		https://shopee.co.id/Souvenir-Pesta-cat.10226.10227.10228?page=67&sortBy=sales
(Already Scraped URL Page)		https://shopee.co.id/Souvenir-Pesta-cat.10226.10227.10228?page=68&sortBy=sales
(Already Scraped URL Page)		https://shopee.co.id/Makanan-Minuman-cat.157.14560.14568?page=81&sortBy=sales
(Already Scraped URL Page)		https://shopee.co.id/Makanan-Minuman-cat.157.14560.14568?page=82&sortBy=sales
(Already Scraped URL Page)		https://shopee.co.id/Makanan-Minuman-cat.157.14560.14567?page=3&sortBy=sales
(Already Scraped URL Page)		https://shopee.co.id/Makanan-Minuman-cat.157.14560.14566?page=97&sortBy=sales
(Already Scraped URL Page)		https://shopee.co.id/Makanan-Minuman-cat.157.14560.14566?page=98&sortBy=sales
(Already Scraped URL Page)		https://shopee.co.id/Makanan-Minuman-cat.157.14560.14565?page=0&sortBy=sales
(Already Scraped URL Page)		https://shopee.co.id/Makanan-Minuman-cat.157.14560.14565?page=1&sortBy=sales
(Already Scraped URL Page)		https://shopee.co.id/Makanan-Minuman-cat.157.14560.14565?page=48&sortBy=sales
(Already Scraped URL Page)		https://shopee.co.id/Makanan-Minuman-cat.157.14560.14565?page=49&sortBy=sales
(Already Scraped URL Page)		https://shopee.co.id/Makanan-Minuman-cat.157.14560.14565?page=50&sortBy=sales
(Already Scraped URL Page)		https://shopee.co.id/Makanan-Minuman-cat.157.14560.14565?page=51&sortBy=sales
(Already Scraped URL Page)		https://shopee.co.id/Makanan-Minuman-cat.157.14560.14565?page=52&sortBy=sales
(Already Scraped URL Page)		https://shopee.co.id/Makanan-Minuman-cat.157.14560.14565?page=53&sortBy=sales
(Already Scraped URL Page)		https://shopee.co.id/Makanan-Minuman-cat.157.14560.14565?page=85&sortBy=sales
(Already Scraped URL Page)		https://shopee.co.id/Makanan-Minuman-cat.157.14560.14565?page=86&sortBy=sales
(Already Scraped URL Page)		https://shopee.co.id/Makanan-Minuman-cat.157.14560.14564?page=40&sortBy=sales
(Already Scraped URL Page)		https://shopee.co.id/Makanan-Minuman-cat.157.14560.14564?page=41&sortBy=sales
(Already Scraped URL Page)		https://shopee.co.id/Makanan-Minuman-cat.157.14560.14564?page=42&sortBy=sales
(Already Scraped URL Page)		https://shopee.co.id/Makanan-Minuman-cat.157.14560.14564?page=43&sortBy=sales
(Already Scraped URL Page)		https://shopee.co.id/Makanan-Minuman-cat.157.14560.14564?page=44&sortBy=sales
(Scraped URL Page)	https://shopee.co.id/Souvenir-Pesta-cat.10226.10227.10228?page=71&sortBy=sales
	50 items scraped	, https://shopee.co.id/api/v2/search_items/?by=sales&keyword=Lain-lain&limit=50&match_id=10227&newest=3550&order=desc&page_type=search
(Scraped URL Page)	https://shopee.co.id/Souvenir-Pesta-cat.10226.10227.10228?page=77&sortBy=sales
	50 items scraped	, https://shopee.co.id/api/v2/search_items/?by=sales&keyword=Lain-lain&limit=50&match_id=10227&newest=3850&order=desc&page_type=search
(Scraped URL Page)	https://shopee.co.id/Souvenir-Pesta-cat.10226.10227.10228?page=75&sortBy=sales
	50 items scraped	, https://shopee.co.id/api/v2/search_items/?by=sales&keyword=Lain-lain&limit=50&match_id=10227&newest=3750&order=desc&page_type=search
(Scraped URL Page)	https://shopee.co.id/Souvenir-Pesta-cat.10226.10227.10228?page=73&sortBy=sales
	50 items scraped	, https://shopee.co.id/api/v2/search_items/?by=sales&keyword=Lain-lain&limit=50&match_id=10227&newest=3650&order=desc&page_type=search
(Scraped URL Page)	https://shopee.co.id/Souvenir-Pesta-cat.10226.10227.10228?page=76&sortBy=sales
	50 items scraped	, https://shopee.co.id/api/v2/search_items/?by=sales&keyword=Lain-lain&limit=50&match_id=10227&newest=3800&order=desc&page_type=search
(Scraped URL Page)	https://shopee.co.id/Souvenir-Pesta-cat.10226.10227.10228?page=57&sortBy=sales
	50 items scraped	, https://shopee.co.id/api/v2/search_items/?by=sales&keyword=Lain-lain&limit=50&match_id=10227&newest=2850&order=desc&page_type=search
(Scraped URL Page)	https://shopee.co.id/Souvenir-Pesta-cat.10226.10227.10228?page=72&sortBy=sales
	50 items scraped	, https://shopee.co.id/api/v2/search_items/?by=sales&keyword=Lain-lain&limit=50&match_id=10227&newest=3600&order=desc&page_type=search
(Scraped URL Page)	https://shopee.co.id/Souvenir-Pesta-cat.10226.10227.10228?page=74&sortBy=sales
	50 items scraped	, https://shopee.co.id/api/v2/search_items/?by=sales&keyword=Lain-lain&limit=50&match_id=10227&newest=3700&order=desc&page_type=search
(Already Scraped URL Page)		https://shopee.co.id/Souvenir-Pesta-cat.10226.10227.10228?page=0&sortBy=sales
(Already Scraped URL Page)		https://shopee.co.id/Souvenir-Pesta-cat.10226.10227.10228?page=1&sortBy=sales
(Already Scraped URL Page)		https://shopee.co.id/Souvenir-Pesta-cat.10226.10227.10228?page=2&sortBy=sales
(Already Scraped URL Page)		https://shopee.co.id/Souvenir-Pesta-cat.10226.10227.10228?page=3&sortBy=sales
(Already Scraped URL Page)		https://shopee.co.id/Souvenir-Pesta-cat.10226.10227.10228?page=4&sortBy=sales
(Already Scraped URL Page)		https://shopee.co.id/Souvenir-Pesta-cat.10226.10227.10228?page=5&sortBy=sales
(Already Scraped URL Page)		https://shopee.co.id/Souvenir-Pesta-cat.10226.10227.10228?page=6&sortBy=sales
(Already Scraped URL Page)		https://shopee.co.id/Souvenir-Pesta-cat.10226.10227.10228?page=7&sortBy=sales
(Already Scraped URL Page)		https://shopee.co.id/Souvenir-Pesta-cat.10226.10227.10228?page=8&sortBy=sales
(Already Scraped URL Page)		https://shopee.co.id/Souvenir-Pesta-cat.10226.10227.10228?page=9&sortBy=sales
(Already Scraped URL Page)		https://shopee.co.id/Souvenir-Pesta-cat.10226.10227.10228?page=10&sortBy=sales
(Already Scraped URL Page)		https://shopee.co.id/Souvenir-Pesta-cat.10226.10227.10228?page=11&sortBy=sales
(Already Scraped URL Page)		https://shopee.co.id/Souvenir-Pesta-cat.10226.10227.10228?page=12&sortBy=sales
(Already Scraped URL Page)		https://shopee.co.id/Souvenir-Pesta-cat.10226.10227.10228?page=13&sortBy=sales
(Already Scraped URL Page)		https://shopee.co.id/Souvenir-Pesta-cat.10226.10227.10228?page=14&sortBy=sales
(Already Scraped URL Page)		https://shopee.co.id/Souvenir-Pesta-cat.10226.10227.10228?page=15&sortBy=sales
(Already Scraped URL Page)		https://shopee.co.id/Souvenir-Pesta-cat.10226.10227.10228?page=16&sortBy=sales
(Already Scraped URL Page)		https://shopee.co.id/Souvenir-Pesta-cat.10226.10227.10228?page=17&sortBy=sales
(Already Scraped URL Page)		https://shopee.co.id/Souvenir-Pesta-cat.10226.10227.10228?page=18&sortBy=sales
(Already Scraped URL Page)		https://shopee.co.id/Souvenir-Pesta-cat.10226.10227.10228?page=19&sortBy=sales
(Already Scraped URL Page)		https://shopee.co.id/Souvenir-Pesta-cat.10226.10227.10228?page=20&sortBy=sales
(Already Scraped URL Page)		https://shopee.co.id/Souvenir-Pesta-cat.10226.10227.10228?page=21&sortBy=sales
(Already Scraped URL Page)		https://shopee.co.id/Souvenir-Pesta-cat.10226.10227.10228?page=22&sortBy=sales
(Already Scraped URL Page)		https://shopee.co.id/Souvenir-Pesta-cat.10226.10227.10228?page=23&sortBy=sales
(Already Scraped URL Page)		https://shopee.co.id/Souvenir-Pesta-cat.10226.10227.10228?page=24&sortBy=sales
(Already Scraped URL Page)		https://shopee.co.id/Souvenir-Pesta-cat.10226.10227.10228?page=25&sortBy=sales
(Already Scraped URL Page)		https://shopee.co.id/Souvenir-Pesta-cat.10226.10227.10228?page=26&sortBy=sales
(Already Scraped URL Page)		https://shopee.co.id/Souvenir-Pesta-cat.10226.10227.10228?page=27&sortBy=sales
(Already Scraped URL Page)		https://shopee.co.id/Souvenir-Pesta-cat.10226.10227.10228?page=28&sortBy=sales
(Already Scraped URL Page)		https://shopee.co.id/Souvenir-Pesta-cat.10226.10227.10228?page=29&sortBy=sales
(Already Scraped URL Page)		https://shopee.co.id/Souvenir-Pesta-cat.10226.10227.10228?page=30&sortBy=sales
(Already Scraped URL Page)		https://shopee.co.id/Souvenir-Pesta-cat.10226.10227.10228?page=31&sortBy=sales
(Already Scraped URL Page)		https://shopee.co.id/Souvenir-Pesta-cat.10226.10227.10228?page=32&sortBy=sales
(Already Scraped URL Page)		https://shopee.co.id/Souvenir-Pesta-cat.10226.10227.10228?page=33&sortBy=sales
(Already Scraped URL Page)		https://shopee.co.id/Souvenir-Pesta-cat.10226.10227.10228?page=34&sortBy=sales
(Already Scraped URL Page)		https://shopee.co.id/Souvenir-Pesta-cat.10226.10227.10228?page=35&sortBy=sales
(Already Scraped URL Page)		https://shopee.co.id/Souvenir-Pesta-cat.10226.10227.10228?page=36&sortBy=sales
(Already Scraped URL Page)		https://shopee.co.id/Souvenir-Pesta-cat.10226.10227.10228?page=37&sortBy=sales
(Already Scraped URL Page)		https://shopee.co.id/Souvenir-Pesta-cat.10226.10227.10228?page=38&sortBy=sales
(Already Scraped URL Page)		https://shopee.co.id/Souvenir-Pesta-cat.10226.10227.10228?page=39&sortBy=sales
(Already Scraped URL Page)		https://shopee.co.id/Souvenir-Pesta-cat.10226.10227.10228?page=40&sortBy=sales
(Already Scraped URL Page)		https://shopee.co.id/Souvenir-Pesta-cat.10226.10227.10228?page=41&sortBy=sales
(Already Scraped URL Page)		https://shopee.co.id/Souvenir-Pesta-cat.10226.10227.10228?page=42&sortBy=sales
(Already Scraped URL Page)		https://shopee.co.id/Souvenir-Pesta-cat.10226.10227.10228?page=43&sortBy=sales
(Already Scraped URL Page)		https://shopee.co.id/Souvenir-Pesta-cat.10226.10227.10228?page=44&sortBy=sales
(Already Scraped URL Page)		https://shopee.co.id/Souvenir-Pesta-cat.10226.10227.10228?page=45&sortBy=sales
(Already Scraped URL Page)		https://shopee.co.id/Souvenir-Pesta-cat.10226.10227.10228?page=46&sortBy=sales
(Already Scraped URL Page)		https://shopee.co.id/Souvenir-Pesta-cat.10226.10227.10228?page=47&sortBy=sales
(Already Scraped URL Page)		https://shopee.co.id/Souvenir-Pesta-cat.10226.10227.10228?page=48&sortBy=sales
(Already Scraped URL Page)		https://shopee.co.id/Souvenir-Pesta-cat.10226.10227.10228?page=49&sortBy=sales
(Already Scraped URL Page)		https://shopee.co.id/Souvenir-Pesta-cat.10226.10227.10228?page=50&sortBy=sales
(Already Scraped URL Page)		https://shopee.co.id/Souvenir-Pesta-cat.10226.10227.10228?page=51&sortBy=sales
(Already Scraped URL Page)		https://shopee.co.id/Souvenir-Pesta-cat.10226.10227.10228?page=52&sortBy=sales
(Already Scraped URL Page)		https://shopee.co.id/Souvenir-Pesta-cat.10226.10227.10228?page=53&sortBy=sales
(Already Scraped URL Page)		https://shopee.co.id/Souvenir-Pesta-cat.10226.10227.10228?page=54&sortBy=sales
(Already Scraped URL Page)		https://shopee.co.id/Souvenir-Pesta-cat.10226.10227.10228?page=55&sortBy=sales
(Already Scraped URL Page)		https://shopee.co.id/Souvenir-Pesta-cat.10226.10227.10228?page=56&sortBy=sales
(Already Scraped URL Page)		https://shopee.co.id/Souvenir-Pesta-cat.10226.10227.10228?page=57&sortBy=sales
(Already Scraped URL Page)		https://shopee.co.id/Souvenir-Pesta-cat.10226.10227.10228?page=63&sortBy=sales
(Already Scraped URL Page)		https://shopee.co.id/Souvenir-Pesta-cat.10226.10227.10228?page=64&sortBy=sales
(Already Scraped URL Page)		https://shopee.co.id/Souvenir-Pesta-cat.10226.10227.10228?page=65&sortBy=sales
(Already Scraped URL Page)		https://shopee.co.id/Souvenir-Pesta-cat.10226.10227.10228?page=66&sortBy=sales
(Already Scraped URL Page)		https://shopee.co.id/Souvenir-Pesta-cat.10226.10227.10228?page=67&sortBy=sales
(Already Scraped URL Page)		https://shopee.co.id/Souvenir-Pesta-cat.10226.10227.10228?page=68&sortBy=sales
(Already Scraped URL Page)		https://shopee.co.id/Souvenir-Pesta-cat.10226.10227.10228?page=71&sortBy=sales
(Already Scraped URL Page)		https://shopee.co.id/Souvenir-Pesta-cat.10226.10227.10228?page=72&sortBy=sales
(Already Scraped URL Page)		https://shopee.co.id/Souvenir-Pesta-cat.10226.10227.10228?page=73&sortBy=sales
(Already Scraped URL Page)		https://shopee.co.id/Souvenir-Pesta-cat.10226.10227.10228?page=74&sortBy=sales
(Already Scraped URL Page)		https://shopee.co.id/Souvenir-Pesta-cat.10226.10227.10228?page=75&sortBy=sales
(Already Scraped URL Page)		https://shopee.co.id/Souvenir-Pesta-cat.10226.10227.10228?page=76&sortBy=sales
(Already Scraped URL Page)		https://shopee.co.id/Souvenir-Pesta-cat.10226.10227.10228?page=77&sortBy=sales
(Already Scraped URL Page)		https://shopee.co.id/Makanan-Minuman-cat.157.14560.14568?page=81&sortBy=sales
(Already Scraped URL Page)		https://shopee.co.id/Makanan-Minuman-cat.157.14560.14568?page=82&sortBy=sales
(Already Scraped URL Page)		https://shopee.co.id/Makanan-Minuman-cat.157.14560.14567?page=3&sortBy=sales
(Already Scraped URL Page)		https://shopee.co.id/Makanan-Minuman-cat.157.14560.14566?page=97&sortBy=sales
(Already Scraped URL Page)		https://shopee.co.id/Makanan-Minuman-cat.157.14560.14566?page=98&sortBy=sales
(Already Scraped URL Page)		https://shopee.co.id/Makanan-Minuman-cat.157.14560.14565?page=0&sortBy=sales
(Already Scraped URL Page)		https://shopee.co.id/Makanan-Minuman-cat.157.14560.14565?page=1&sortBy=sales
(Already Scraped URL Page)		https://shopee.co.id/Makanan-Minuman-cat.157.14560.14565?page=48&sortBy=sales
(Already Scraped URL Page)		https://shopee.co.id/Makanan-Minuman-cat.157.14560.14565?page=49&sortBy=sales
(Already Scraped URL Page)		https://shopee.co.id/Makanan-Minuman-cat.157.14560.14565?page=50&sortBy=sales
(Already Scraped URL Page)		https://shopee.co.id/Makanan-Minuman-cat.157.14560.14565?page=51&sortBy=sales
(Already Scraped URL Page)		https://shopee.co.id/Makanan-Minuman-cat.157.14560.14565?page=52&sortBy=sales
(Already Scraped URL Page)		https://shopee.co.id/Makanan-Minuman-cat.157.14560.14565?page=53&sortBy=sales
(Already Scraped URL Page)		https://shopee.co.id/Makanan-Minuman-cat.157.14560.14565?page=85&sortBy=sales
(Already Scraped URL Page)		https://shopee.co.id/Makanan-Minuman-cat.157.14560.14565?page=86&sortBy=sales
(Already Scraped URL Page)		https://shopee.co.id/Makanan-Minuman-cat.157.14560.14564?page=40&sortBy=sales
(Already Scraped URL Page)		https://shopee.co.id/Makanan-Minuman-cat.157.14560.14564?page=41&sortBy=sales
(Already Scraped URL Page)		https://shopee.co.id/Makanan-Minuman-cat.157.14560.14564?page=42&sortBy=sales
(Already Scraped URL Page)		https://shopee.co.id/Makanan-Minuman-cat.157.14560.14564?page=43&sortBy=sales
(Already Scraped URL Page)		https://shopee.co.id/Makanan-Minuman-cat.157.14560.14564?page=44&sortBy=sales
(Already Scraped URL Page)		https://shopee.co.id/Makanan-Minuman-cat.157.14582.14584?page=48&sortBy=sales
(Already Scraped URL Page)		https://shopee.co.id/Makanan-Minuman-cat.157.14582.14584?page=49&sortBy=sales
(Already Scraped URL Page)		https://shopee.co.id/Makanan-Minuman-cat.157.14582.14584?page=50&sortBy=sales
(Already Scraped URL Page)		https://shopee.co.id/Makanan-Minuman-cat.157.14582.14584?page=51&sortBy=sales
(Already Scraped URL Page)		https://shopee.co.id/Makanan-Minuman-cat.157.14582.14584?page=52&sortBy=sales
(Already Scraped URL Page)		https://shopee.co.id/Makanan-Minuman-cat.157.12567.12568?page=6&sortBy=sales
(Already Scraped URL Page)		https://shopee.co.id/Fotografi-cat.154.1407.7507?page=38&sortBy=sales
(Already Scraped URL Page)		https://shopee.co.id/Fotografi-cat.154.1407.7507?page=39&sortBy=sales
(Already Scraped URL Page)		https://shopee.co.id/Fotografi-cat.154.1407.7507?page=40&sortBy=sales
(Already Scraped URL Page)		https://shopee.co.id/Fotografi-cat.154.1407.12474?page=11&sortBy=sales
(Already Scraped URL Page)		https://shopee.co.id/Fotografi-cat.154.1407.12474?page=12&sortBy=sales
(Already Scraped URL Page)		https://shopee.co.id/Fotografi-cat.154.1407.12474?page=13&sortBy=sales
(Already Scraped URL Page)		https://shopee.co.id/Fotografi-cat.154.1407.12474?page=14&sortBy=sales
(Already Scraped URL Page)		https://shopee.co.id/Fotografi-cat.154.1407.12474?page=15&sortBy=sales
(Already Scraped URL Page)		https://shopee.co.id/Fotografi-cat.154.1407.12474?page=84&sortBy=sales
(Already Scraped URL Page)		https://shopee.co.id/Fotografi-cat.154.1407.12474?page=85&sortBy=sales
(Already Scraped URL Page)		https://shopee.co.id/Fotografi-cat.154.1407.12474?page=86&sortBy=sales
(Already Scraped URL Page)		https://shopee.co.id/Fotografi-cat.154.1407.12473?page=72&sortBy=sales
(Already Scraped URL Page)		https://shopee.co.id/Fotografi-cat.154.1407.16345?page=23&sortBy=sales
(Already Scraped URL Page)		https://shopee.co.id/Fotografi-cat.154.1407.16345?page=24&sortBy=sales
(Scraped URL Page)	https://shopee.co.id/Souvenir-Pesta-cat.10226.10227.10228?page=58&sortBy=sales
	50 items scraped	, https://shopee.co.id/api/v2/search_items/?by=sales&keyword=Lain-lain&limit=50&match_id=10227&newest=2900&order=desc&page_type=search
(Scraped URL Page)	https://shopee.co.id/Souvenir-Pesta-cat.10226.10227.10228?page=80&sortBy=sales
	50 items scraped	, https://shopee.co.id/api/v2/search_items/?by=sales&keyword=Lain-lain&limit=50&match_id=10227&newest=4000&order=desc&page_type=search
(Scraped URL Page)	https://shopee.co.id/Souvenir-Pesta-cat.10226.10227.10228?page=85&sortBy=sales
	50 items scraped	, https://shopee.co.id/api/v2/search_items/?by=sales&keyword=Lain-lain&limit=50&match_id=10227&newest=4250&order=desc&page_type=search
(Scraped URL Page)	https://shopee.co.id/Souvenir-Pesta-cat.10226.10227.10228?page=82&sortBy=sales
	50 items scraped	, https://shopee.co.id/api/v2/search_items/?by=sales&keyword=Lain-lain&limit=50&match_id=10227&newest=4100&order=desc&page_type=search
(Scraped URL Page)	https://shopee.co.id/Souvenir-Pesta-cat.10226.10227.10228?page=86&sortBy=sales
	50 items scraped	, https://shopee.co.id/api/v2/search_items/?by=sales&keyword=Lain-lain&limit=50&match_id=10227&newest=4300&order=desc&page_type=search
(Scraped URL Page)	https://shopee.co.id/Souvenir-Pesta-cat.10226.10227.10228?page=84&sortBy=sales
	50 items scraped	, https://shopee.co.id/api/v2/search_items/?by=sales&keyword=Lain-lain&limit=50&match_id=10227&newest=4200&order=desc&page_type=search
(Scraped URL Page)	https://shopee.co.id/Souvenir-Pesta-cat.10226.10227.10228?page=83&sortBy=sales
	50 items scraped	, https://shopee.co.id/api/v2/search_items/?by=sales&keyword=Lain-lain&limit=50&match_id=10227&newest=4150&order=desc&page_type=search
(Scraped URL Page)	https://shopee.co.id/Souvenir-Pesta-cat.10226.10227.10228?page=79&sortBy=sales
	50 items scraped	, https://shopee.co.id/api/v2/search_items/?by=sales&keyword=Lain-lain&limit=50&match_id=10227&newest=3950&order=desc&page_type=search
(Scraped URL Page)	https://shopee.co.id/Souvenir-Pesta-cat.10226.10227.10228?page=81&sortBy=sales
	50 items scraped	, https://shopee.co.id/api/v2/search_items/?by=sales&keyword=Lain-lain&limit=50&match_id=10227&newest=4050&order=desc&page_type=search
(Scraped URL Page)	https://shopee.co.id/Souvenir-Pesta-cat.10226.10227.10228?page=70&sortBy=sales
	50 items scraped	, https://shopee.co.id/api/v2/search_items/?by=sales&keyword=Lain-lain&limit=50&match_id=10227&newest=3500&order=desc&page_type=search
(Scraped URL Page)	https://shopee.co.id/Souvenir-Pesta-cat.10226.10227.10228?page=69&sortBy=sales
	50 items scraped	, https://shopee.co.id/api/v2/search_items/?by=sales&keyword=Lain-lain&limit=50&match_id=10227&newest=3450&order=desc&page_type=search
(Scraped URL Page)	https://shopee.co.id/Souvenir-Pesta-cat.10226.10227.10228?page=62&sortBy=sales
	50 items scraped	, https://shopee.co.id/api/v2/search_items/?by=sales&keyword=Lain-lain&limit=50&match_id=10227&newest=3100&order=desc&page_type=search
(Scraped URL Page)	https://shopee.co.id/Souvenir-Pesta-cat.10226.10227.10228?page=61&sortBy=sales
	50 items scraped	, https://shopee.co.id/api/v2/search_items/?by=sales&keyword=Lain-lain&limit=50&match_id=10227&newest=3050&order=desc&page_type=search
(Scraped URL Page)	https://shopee.co.id/Souvenir-Pesta-cat.10226.10227.10228?page=78&sortBy=sales
	50 items scraped	, https://shopee.co.id/api/v2/search_items/?by=sales&keyword=Lain-lain&limit=50&match_id=10227&newest=3900&order=desc&page_type=search
(Scraped URL Page)	https://shopee.co.id/Fotografi-cat.154.1407.16345?page=92&sortBy=sales
	0 items scraped	, None
(Scraped URL Page)	https://shopee.co.id/Fotografi-cat.154.1407.16345?page=90&sortBy=sales
	0 items scraped	, None
(Scraped URL Page)	https://shopee.co.id/Fotografi-cat.154.1407.16345?page=91&sortBy=sales
	0 items scraped	, None
(Scraped URL Page)	https://shopee.co.id/Fotografi-cat.154.1407.16345?page=89&sortBy=sales
	0 items scraped	, None
(Scraped URL Page)	https://shopee.co.id/Fotografi-cat.154.1407.16344?page=13&sortBy=sales
	50 items scraped	, https://shopee.co.id/api/v2/search_items/?by=sales&keyword=Camcorder&limit=50&match_id=1407&newest=650&order=desc&page_type=search
(Scraped URL Page)	https://shopee.co.id/Fotografi-cat.154.1407.16344?page=39&sortBy=sales
	50 items scraped	, https://shopee.co.id/api/v2/search_items/?by=sales&keyword=Camcorder&limit=50&match_id=1407&newest=1950&order=desc&page_type=search
